*** Using Compiler 'V5.06 update 5 (build 528)', folder: 'D:\keil5\ARM\ARMCC\Bin'
Build target '_04 OS'
compiling App_LED.c...
.\_01_App\User.h(18): warning:  #1-D: last line of file ends without a newline
  #endif
.\_03_Drive\User_DAC.h(25): warning:  #1295-D: Deprecated declaration User_DAC_Configure - give arg types
  void User_DAC_Configure();
_01_App\App_LED.c: 2 warnings, 0 errors
compiling App_Touch.c...
.\_01_App\User.h(18): warning:  #1-D: last line of file ends without a newline
  #endif
.\_03_Drive\User_DAC.h(25): warning:  #1295-D: Deprecated declaration User_DAC_Configure - give arg types
  void User_DAC_Configure();
_01_App\App_Touch.c(32): warning:  #223-D: function "TouchRead" declared implicitly
  		TouchRead(&TouchStruct.NowX,&TouchStruct.NowY);
_01_App\App_Touch.c: 3 warnings, 0 errors
compiling User_ADC.c...
.\_01_App\User.h(18): warning:  #1-D: last line of file ends without a newline
  #endif
.\_03_Drive\User_DAC.h(25): warning:  #1295-D: Deprecated declaration User_DAC_Configure - give arg types
  void User_DAC_Configure();
_03_Drive\User_ADC.c: 2 warnings, 0 errors
compiling main.c...
.\_01_App\User.h(18): warning:  #1-D: last line of file ends without a newline
  #endif
.\_03_Drive\User_DAC.h(25): warning:  #1295-D: Deprecated declaration User_DAC_Configure - give arg types
  void User_DAC_Configure();
main.c: 2 warnings, 0 errors
compiling User_IIC.c...
.\_01_App\User.h(18): warning:  #1-D: last line of file ends without a newline
  #endif
.\_03_Drive\User_DAC.h(25): warning:  #1295-D: Deprecated declaration User_DAC_Configure - give arg types
  void User_DAC_Configure();
_03_Drive\User_IIC.c: 2 warnings, 0 errors
compiling spi.c...
.\_01_App\User.h(18): warning:  #1-D: last line of file ends without a newline
  #endif
.\_03_Drive\User_DAC.h(25): warning:  #1295-D: Deprecated declaration User_DAC_Configure - give arg types
  void User_DAC_Configure();
_07_TFT_LCD\spi.c: 2 warnings, 0 errors
compiling Drive_Timer.c...
.\_01_App\User.h(18): warning:  #1-D: last line of file ends without a newline
  #endif
.\_03_Drive\User_DAC.h(25): warning:  #1295-D: Deprecated declaration User_DAC_Configure - give arg types
  void User_DAC_Configure();
_03_Drive\Drive_Timer.c: 2 warnings, 0 errors
compiling delay.c...
.\_01_App\User.h(18): warning:  #1-D: last line of file ends without a newline
  #endif
.\_03_Drive\User_DAC.h(25): warning:  #1295-D: Deprecated declaration User_DAC_Configure - give arg types
  void User_DAC_Configure();
_06_System\delay.c: 2 warnings, 0 errors
compiling Drive_Touch.c...
.\_01_App\User.h(18): warning:  #1-D: last line of file ends without a newline
  #endif
.\_03_Drive\User_DAC.h(25): warning:  #1295-D: Deprecated declaration User_DAC_Configure - give arg types
  void User_DAC_Configure();
_03_Drive\Drive_Touch.c: 2 warnings, 0 errors
compiling Drive_DMA.c...
.\_01_App\User.h(18): warning:  #1-D: last line of file ends without a newline
  #endif
.\_03_Drive\User_DAC.h(25): warning:  #1295-D: Deprecated declaration User_DAC_Configure - give arg types
  void User_DAC_Configure();
_03_Drive\Drive_DMA.c: 2 warnings, 0 errors
compiling Drive_FFT.c...
.\_01_App\User.h(18): warning:  #1-D: last line of file ends without a newline
  #endif
.\_03_Drive\User_DAC.h(25): warning:  #1295-D: Deprecated declaration User_DAC_Configure - give arg types
  void User_DAC_Configure();
_03_Drive\Drive_FFT.c: 2 warnings, 0 errors
compiling User_DAC8562.c...
.\_01_App\User.h(18): warning:  #1-D: last line of file ends without a newline
  #endif
.\_03_Drive\User_DAC.h(25): warning:  #1295-D: Deprecated declaration User_DAC_Configure - give arg types
  void User_DAC_Configure();
_03_Drive\User_DAC8562.c: 2 warnings, 0 errors
compiling User_BGD.c...
.\_01_App\User.h(18): warning:  #1-D: last line of file ends without a newline
  #endif
.\_03_Drive\User_DAC.h(25): warning:  #1295-D: Deprecated declaration User_DAC_Configure - give arg types
  void User_DAC_Configure();
_03_Drive\User_BGD.c: 2 warnings, 0 errors
compiling W25Q64.c...
.\_01_App\User.h(18): warning:  #1-D: last line of file ends without a newline
  #endif
.\_03_Drive\User_DAC.h(25): warning:  #1295-D: Deprecated declaration User_DAC_Configure - give arg types
  void User_DAC_Configure();
_07_TFT_LCD\W25Q64.c: 2 warnings, 0 errors
compiling Drive_ADS1256.c...
.\_01_App\User.h(18): warning:  #1-D: last line of file ends without a newline
  #endif
.\_03_Drive\User_DAC.h(25): warning:  #1295-D: Deprecated declaration User_DAC_Configure - give arg types
  void User_DAC_Configure();
_03_Drive\Drive_ADS1256.c(18): warning:  #47-D: incompatible redefinition of macro "SCLK"  (declared at line 37 of ".\_03_Drive\Drive_AD9959.h")
  #define SCLK		 	 GPIO_Pin_2
_03_Drive\Drive_ADS1256.c(22): warning:  #47-D: incompatible redefinition of macro "CS"  (declared at line 36 of ".\_03_Drive\Drive_AD9959.h")
  #define CS				 GPIO_Pin_10
_03_Drive\Drive_ADS1256.c: 4 warnings, 0 errors
compiling Drive_PS2.c...
.\_01_App\User.h(18): warning:  #1-D: last line of file ends without a newline
  #endif
.\_03_Drive\User_DAC.h(25): warning:  #1295-D: Deprecated declaration User_DAC_Configure - give arg types
  void User_DAC_Configure();
_03_Drive\Drive_PS2.c: 2 warnings, 0 errors
compiling User.c...
.\_01_App\User.h(18): warning:  #1-D: last line of file ends without a newline
  #endif
.\_03_Drive\User_DAC.h(25): warning:  #1295-D: Deprecated declaration User_DAC_Configure - give arg types
  void User_DAC_Configure();
_01_App\User.h(18): warning:  #1-D: last line of file ends without a newline
  #endif
_01_App\User.c(19): warning:  #47-D: incompatible redefinition of macro "TITLE_STR"  (declared at line 7 of "_01_App\User.h")
  #define TITLE_STR        "ł¬Éů˛¨˛âľŕŇÇ"       // Ö÷˝çĂć±ęĚâ
_01_App\User.c(20): warning:  #47-D: incompatible redefinition of macro "MODEL_VER_STR"  (declared at line 8 of "_01_App\User.h")
  #define MODEL_VER_STR    "ĐÍşĹŁşHC-SR04"      // Ó˛ĽţĐÍşĹ
_01_App\User.c(21): warning:  #47-D: incompatible redefinition of macro "USER_VER_STR"  (declared at line 9 of "_01_App\User.h")
  #define USER_VER_STR     "°ć±ľŁşV1.0"         // ČíĽţ°ć±ľ
_01_App\User.c(22): warning:  #47-D: incompatible redefinition of macro "MENU1_CHOICE1"  (declared at line 12 of "_01_App\User.h")
  #define MENU1_CHOICE1    "1. ĘµĘ±˛âÁż"        // ˛ËµĄŃˇĎî1
_01_App\User.c(23): warning:  #47-D: incompatible redefinition of macro "MENU1_CHOICE2"  (declared at line 13 of "_01_App\User.h")
  #define MENU1_CHOICE2    "2. ľŕŔëĐŁ×Ľ"        // ˛ËµĄŃˇĎî2
_01_App\User.c(24): warning:  #47-D: incompatible redefinition of macro "MENU1_CHOICE3"  (declared at line 14 of "_01_App\User.h")
  #define MENU1_CHOICE3    "3. ĎµÍł×´Ě¬"        // ˛ËµĄŃˇĎî3
_01_App\User.c(144): warning:  #223-D: function "Ultrasonic_PWM_Init" declared implicitly
      Ultrasonic_PWM_Init();             // łőĘĽ»Żł¬Éů˛¨´Ą·˘Ňý˝Ĺ(PWMĘäłö)
_01_App\User.c(438): warning:  #223-D: function "Ultrasonic_FireBurst" declared implicitly
      Ultrasonic_FireBurst();                 // ·˘Éäł¬Éů˛¨Âöłĺ(10us¸ßµçĆ˝)
_01_App\User.c: 11 warnings, 0 errors
compiling Drive_Communication.c...
.\_01_App\User.h(18): warning:  #1-D: last line of file ends without a newline
  #endif
.\_03_Drive\User_DAC.h(25): warning:  #1295-D: Deprecated declaration User_DAC_Configure - give arg types
  void User_DAC_Configure();
_03_Drive\Drive_Communication.c: 2 warnings, 0 errors
compiling Drive_TouchKey.c...
.\_01_App\User.h(18): warning:  #1-D: last line of file ends without a newline
  #endif
.\_03_Drive\User_DAC.h(25): warning:  #1295-D: Deprecated declaration User_DAC_Configure - give arg types
  void User_DAC_Configure();
_03_Drive\Drive_TouchKey.c: 2 warnings, 0 errors
compiling User_DAC.c...
.\_01_App\User.h(18): warning:  #1-D: last line of file ends without a newline
  #endif
_03_Drive\User_DAC.h(25): warning:  #1295-D: Deprecated declaration User_DAC_Configure - give arg types
  void User_DAC_Configure();
_03_Drive\User_DAC.c(202): warning:  #1035-D: single-precision operand implicitly converted to double-precision
  			WaveData[count] = vol / 
aseVol *0x0fff;
_03_Drive\User_DAC.c(219): warning:  #1035-D: single-precision operand implicitly converted to double-precision
  			vol = (float)count/
ACDataLength *2 *
aseVol;
_03_Drive\User_DAC.c(220): warning:  #1035-D: single-precision operand implicitly converted to double-precision
  			WaveData[count] = vol / 
aseVol *0x0fff;
_03_Drive\User_DAC.c: 5 warnings, 0 errors
compiling User_PGA2310.c...
.\_01_App\User.h(18): warning:  #1-D: last line of file ends without a newline
  #endif
.\_03_Drive\User_DAC.h(25): warning:  #1295-D: Deprecated declaration User_DAC_Configure - give arg types
  void User_DAC_Configure();
_03_Drive\User_PGA2310.c(41): warning:  #1035-D: single-precision operand implicitly converted to double-precision
  	if( av_l > 31.5 || av_l < -95.5 )
_03_Drive\User_PGA2310.c(43): warning:  #1035-D: single-precision operand implicitly converted to double-precision
  	if( av_r > 31.5 || av_r < -95.5 )
_03_Drive\User_PGA2310.c: 4 warnings, 0 errors
compiling User_AD8370.c...
.\_01_App\User.h(18): warning:  #1-D: last line of file ends without a newline
  #endif
.\_03_Drive\User_DAC.h(25): warning:  #1295-D: Deprecated declaration User_DAC_Configure - give arg types
  void User_DAC_Configure();
_03_Drive\User_AD8370.c: 2 warnings, 0 errors
compiling Os_malloc.c...
.\_01_App\User.h(18): warning:  #1-D: last line of file ends without a newline
  #endif
.\_03_Drive\User_DAC.h(25): warning:  #1295-D: Deprecated declaration User_DAC_Configure - give arg types
  void User_DAC_Configure();
_05_Os\Os_malloc.c: 2 warnings, 0 errors
compiling Drive_DAC.c...
.\_01_App\User.h(18): warning:  #1-D: last line of file ends without a newline
  #endif
.\_03_Drive\User_DAC.h(25): warning:  #1295-D: Deprecated declaration User_DAC_Configure - give arg types
  void User_DAC_Configure();
_03_Drive\Drive_DAC.c: 2 warnings, 0 errors
compiling User_SPI.c...
.\_01_App\User.h(18): warning:  #1-D: last line of file ends without a newline
  #endif
.\_03_Drive\User_DAC.h(25): warning:  #1295-D: Deprecated declaration User_DAC_Configure - give arg types
  void User_DAC_Configure();
_03_Drive\User_SPI.c: 2 warnings, 0 errors
compiling Drive_GPIO.c...
.\_01_App\User.h(18): warning:  #1-D: last line of file ends without a newline
  #endif
.\_03_Drive\User_DAC.h(25): warning:  #1295-D: Deprecated declaration User_DAC_Configure - give arg types
  void User_DAC_Configure();
_03_Drive\Drive_GPIO.c: 2 warnings, 0 errors
compiling Os_cpu.c...
.\_01_App\User.h(18): warning:  #1-D: last line of file ends without a newline
  #endif
.\_03_Drive\User_DAC.h(25): warning:  #1295-D: Deprecated declaration User_DAC_Configure - give arg types
  void User_DAC_Configure();
_05_Os\Os_cpu.c: 2 warnings, 0 errors
compiling User_PGA112.c...
.\_01_App\User.h(18): warning:  #1-D: last line of file ends without a newline
  #endif
.\_03_Drive\User_DAC.h(25): warning:  #1295-D: Deprecated declaration User_DAC_Configure - give arg types
  void User_DAC_Configure();
_03_Drive\User_PGA112.c: 2 warnings, 0 errors
compiling Drive_PWM.c...
.\_01_App\User.h(18): warning:  #1-D: last line of file ends without a newline
  #endif
.\_03_Drive\User_DAC.h(25): warning:  #1295-D: Deprecated declaration User_DAC_Configure - give arg types
  void User_DAC_Configure();
_03_Drive\Drive_PWM.c: 2 warnings, 0 errors
compiling Os_UI.c...
.\_01_App\User.h(18): warning:  #1-D: last line of file ends without a newline
  #endif
.\_03_Drive\User_DAC.h(25): warning:  #1295-D: Deprecated declaration User_DAC_Configure - give arg types
  void User_DAC_Configure();
_05_Os\Os_UI.c: 2 warnings, 0 errors
linking...
Program Size: Code=19768 RO-data=42472 RW-data=132 ZI-data=1166836  
".\Output\_04.axf" - 0 Error(s), 77 Warning(s).
Build Time Elapsed:  00:00:02
